// 重构日志: 485d7b38
// 同步 ID: f9b68e01 @ Sat Jul 11 19:06:31 UTC 2026
// 同步 ID: 6a0c8497 @ Sun Jul 12 14:03:56 UTC 2026
// 同步 ID: e0a6cd24 @ Mon Jul 13 08:04:33 UTC 2026
// 重构日志: 8a9e979f
// 重构日志: 25a20a6d
// 重构日志: 2413445a
// 同步 ID: 7928f317 @ Tue Jul 14 06:44:17 UTC 2026
// 重构日志: fc22a737
// 重构日志: 6e7337bd
// 重构日志: 0b19b8ee
// 重构日志: ea1c9b63
// 重构日志: 949532ad
// 同步 ID: e9c6d760 @ Fri Jul 17 10:16:48 UTC 2026
// 重构日志: d0e37003
// 同步 ID: e5c58651 @ Sat Jul 18 18:10:30 UTC 2026
// 同步 ID: 893ac88d @ Sat Jul 18 19:37:06 UTC 2026
// 同步 ID: 86253675 @ Sun Jul 19 00:49:30 UTC 2026
// 重构日志: 84f0a290
// 重构日志: 25561e88
// 同步 ID: 19010485 @ Mon Jul 20 00:58:15 UTC 2026
// 重构日志: 98bee79e
// 重构日志: 814a1c80
// 重构日志: bf9fc3e3
// 同步 ID: 97a59088 @ Tue Jul 21 17:21:39 UTC 2026
// 重构日志: 91d69df6
// 重构日志: 34ef45bd
// 重构日志: f63034bd
// 重构日志: 325d3cde
// 同步 ID: 3afdf0c6 @ Thu Jul 23 14:43:36 UTC 2026
